C:\PROJECTS\BOGGLER2\DEBUG\BOGGLER2.PCH
C:\PROJECTS\BOGGLER2\DEBUG\STDAFX.OBJ
C:\PROJECTS\BOGGLER2\DEBUG\VC110.PDB
C:\PROJECTS\BOGGLER2\DEBUG\BOGGLER2.OBJ
C:\PROJECTS\BOGGLER2\DEBUG\CUBE.OBJ
C:\PROJECTS\BOGGLER2\DEBUG\CUBIE.OBJ
C:\Projects\Boggler2\Debug\Boggler2.obj
C:\Projects\Boggler2\Debug\Cube.obj
C:\Projects\Boggler2\Debug\Cubie.obj
C:\Projects\Boggler2\Debug\stdafx.obj
C:\Projects\Boggler2\Debug\cl.command.1.tlog
C:\Projects\Boggler2\Debug\CL.read.1.tlog
C:\Projects\Boggler2\Debug\CL.write.1.tlog
C:\Projects\Boggler2\Debug\link-cvtres.read.1.tlog
C:\Projects\Boggler2\Debug\link-cvtres.write.1.tlog
C:\Projects\Boggler2\Debug\link-rc.read.1.tlog
C:\Projects\Boggler2\Debug\link-rc.write.1.tlog
C:\Projects\Boggler2\Debug\link.1900-cvtres.read.1.tlog
C:\Projects\Boggler2\Debug\link.1900-cvtres.write.1.tlog
C:\Projects\Boggler2\Debug\link.1900-rc.read.1.tlog
C:\Projects\Boggler2\Debug\link.1900-rc.write.1.tlog
C:\Projects\Boggler2\Debug\link.1900.read.1.tlog
C:\Projects\Boggler2\Debug\link.1900.write.1.tlog
C:\Projects\Boggler2\Debug\link.command.1.tlog
C:\Projects\Boggler2\Debug\link.read.1.tlog
C:\Projects\Boggler2\Debug\link.write.1.tlog
C:\Projects\Boggler2\Debug\Boggler2.pch
C:\Projects\Boggler2\Debug\vc110.idb
C:\Projects\Boggler2\Debug\Boggler2.pdb
C:\Projects\Boggler2\Debug\vc110.pdb
