C:\PROJECTS\BOGGLER2\RELEASE\BOGGLER2.PCH
C:\PROJECTS\BOGGLER2\RELEASE\STDAFX.OBJ
C:\PROJECTS\BOGGLER2\RELEASE\VC110.PDB
C:\PROJECTS\BOGGLER2\RELEASE\CUBE.OBJ
C:\PROJECTS\BOGGLER2\RELEASE\BOGGLER2.EXE
C:\PROJECTS\BOGGLER2\RELEASE\BOGGLER2.PDB
C:\Projects\Boggler2\Release\Boggler2.obj
C:\Projects\Boggler2\Release\Cube.obj
C:\Projects\Boggler2\Release\Cubie.obj
C:\Projects\Boggler2\Release\stdafx.obj
C:\Projects\Boggler2\Release\cl.command.1.tlog
C:\Projects\Boggler2\Release\CL.read.1.tlog
C:\Projects\Boggler2\Release\CL.write.1.tlog
C:\Projects\Boggler2\Release\link-cvtres.read.1.tlog
C:\Projects\Boggler2\Release\link-cvtres.write.1.tlog
C:\Projects\Boggler2\Release\link-rc.read.1.tlog
C:\Projects\Boggler2\Release\link-rc.write.1.tlog
C:\Projects\Boggler2\Release\link.command.1.tlog
C:\Projects\Boggler2\Release\link.read.1.tlog
C:\Projects\Boggler2\Release\link.write.1.tlog
C:\Projects\Boggler2\Release\Boggler2.pch
C:\Projects\Boggler2\Release\Boggler2.pdb
C:\Projects\Boggler2\Release\vc110.pdb
C:\Projects\Boggler2\Release\Boggler2.exe
